{
  "RSpec": {
    "coverage": {
      "/Users/andreadelrio/otheprojects/servihogar_rails/config/environment.rb": [
        null,
        1,
        null,
        null,
        1
      ],
      "/Users/andreadelrio/otheprojects/servihogar_rails/config/application.rb": [
        1,
        null,
        1,
        null,
        null,
        null,
        1,
        null,
        1,
        1,
        null,
        null,
        null,
        null,
        null,
        null,
        null,
        null,
        null,
        null,
        null,
        null,
        null
      ],
      "/Users/andreadelrio/otheprojects/servihogar_rails/config/boot.rb": [
        null,
        1,
        null,
        1
      ],
      "/Users/andreadelrio/otheprojects/servihogar_rails/config/environments/test.rb": [
        1,
        null,
        null,
        null,
        null,
        null,
        null,
        1,
        null,
        null,
        null,
        null,
        1,
        null,
        null,
        1,
        1,
        null,
        null,
        1,
        1,
        null,
        null,
        1,
        null,
        null,
        1,
        null,
        null,
        null,
        null,
        1,
        null,
        null,
        1,
        null
      ],
      "/Users/andreadelrio/otheprojects/servihogar_rails/config/initializers/backtrace_silencers.rb": [
        null,
        null,
        null,
        null,
        null,
        null,
        null
      ],
      "/Users/andreadelrio/otheprojects/servihogar_rails/config/initializers/filter_parameter_logging.rb": [
        null,
        null,
        null,
        1
      ],
      "/Users/andreadelrio/otheprojects/servihogar_rails/config/initializers/inflections.rb": [
        null,
        null,
        null,
        null,
        null,
        null,
        null,
        null,
        null,
        null,
        null,
        null,
        null,
        null,
        null,
        null
      ],
      "/Users/andreadelrio/otheprojects/servihogar_rails/config/initializers/mime_types.rb": [
        null,
        null,
        null,
        null,
        null
      ],
      "/Users/andreadelrio/otheprojects/servihogar_rails/config/initializers/secret_token.rb": [
        null,
        null,
        null,
        null,
        null,
        null,
        null,
        null,
        null,
        null,
        null,
        1
      ],
      "/Users/andreadelrio/otheprojects/servihogar_rails/config/initializers/session_store.rb": [
        null,
        null,
        1
      ],
      "/Users/andreadelrio/otheprojects/servihogar_rails/config/initializers/wrap_parameters.rb": [
        null,
        null,
        null,
        null,
        null,
        null,
        1,
        1,
        null,
        null,
        null,
        null,
        null,
        null
      ],
      "/Users/andreadelrio/otheprojects/servihogar_rails/spec/factories/localizations.rb": [
        1,
        1,
        1,
        1,
        null,
        null
      ],
      "/Users/andreadelrio/otheprojects/servihogar_rails/spec/factories/locations.rb": [
        1,
        1,
        1,
        null,
        null
      ],
      "/Users/andreadelrio/otheprojects/servihogar_rails/spec/factories/providers.rb": [
        1,
        1,
        1,
        1,
        1,
        1,
        1,
        1,
        1,
        1,
        null,
        null
      ],
      "/Users/andreadelrio/otheprojects/servihogar_rails/config/routes.rb": [
        1,
        1,
        null,
        1,
        null,
        1,
        null,
        null,
        null,
        null,
        null,
        null,
        null,
        null,
        null,
        null,
        null,
        null,
        null,
        null,
        null,
        null,
        null,
        null,
        null,
        null,
        null,
        null,
        null,
        null,
        null,
        null,
        null,
        null,
        null,
        null,
        null,
        null,
        null,
        null,
        null,
        null,
        null,
        null,
        null,
        null,
        null,
        null,
        null,
        null,
        null,
        null,
        null,
        null,
        null,
        null,
        null,
        null,
        null,
        null,
        null,
        null
      ],
      "/Users/andreadelrio/otheprojects/servihogar_rails/app/helpers/application_helper.rb": [
        1,
        1,
        0,
        null,
        0,
        null,
        0,
        null,
        0,
        null,
        0,
        null,
        0,
        null,
        null,
        null,
        1,
        0,
        0,
        0,
        0,
        null,
        0,
        null,
        null
      ],
      "/Users/andreadelrio/otheprojects/servihogar_rails/app/helpers/providers_helper.rb": [
        1,
        null
      ],
      "/Users/andreadelrio/otheprojects/servihogar_rails/spec/support/session_test_helper.rb": [
        1,
        null,
        1,
        0,
        null,
        null
      ]
    },
    "timestamp": 1409699474
  }
}
